<?xml version="1.0" encoding="UTF-8" ?>
<testsuite tests="2" failures="0" name="com.mmall.dao.UserMapperTest" time="0.146" errors="1" skipped="0">
  <properties>
[...]
</properties>
  <testcase classname="com.mmall.dao.UserMapperTest" name="testSelectByPrimaryKey" time="0.082"/>
  <testcase classname="com.mmall.dao.UserMapperTest" name="testFindUserByNaAndPass" time="0.064">
    <error type="java.lang.NullPointerException">java.lang.NullPointerException
	at com.mmall.dao.UserMapperTest.testFindUserByNaAndPass(UserMapperTest.java:29)
	at sun.reflect.NativeMethodAccessorImpl.invoke0(Native Method)
	at sun.reflect.NativeMethodAccessorImpl.invoke(NativeMethodAccessorImpl.java:62)
	at sun.reflect.DelegatingMethodAccessorImpl.invoke(DelegatingMethodAccessorImpl.java:43)
	at java.lang.reflect.Method.invoke(Method.java:498)
	at org.junit.runners.model.FrameworkMethod$1.runReflectiveCall(FrameworkMethod.java:50)
	at org.junit.internal.runners.model.ReflectiveCallable.run(ReflectiveCallable.java:12)
	at org.junit.runners.model.FrameworkMethod.invokeExplosively(FrameworkMethod.java:47)
	at org.junit.internal.runners.statements.InvokeMethod.evaluate(InvokeMethod.java:17)
	at org.springframework.test.context.junit4.statements.RunBeforeTestMethodCallbacks.evaluate(RunBeforeTestMethodCallbacks.java:75)
	at org.springframework.test.context.junit4.statements.RunAfterTestMethodCallbacks.evaluate(RunAfterTestMethodCallbacks.java:86)
	at org.springframework.test.context.junit4.statements.SpringRepeat.evaluate(SpringRepeat.java:84)
	at org.junit.runners.ParentRunner.runLeaf(ParentRunner.java:325)
	at org.springframework.test.context.junit4.SpringJUnit4ClassRunner.runChild(SpringJUnit4ClassRunner.java:252)
	at org.springframework.test.context.junit4.SpringJUnit4ClassRunner.runChild(SpringJUnit4ClassRunner.java:94)
	at org.junit.runners.ParentRunner$3.run(ParentRunner.java:290)
	at org.junit.runners.ParentRunner$1.schedule(ParentRunner.java:71)
	at org.junit.runners.ParentRunner.runChildren(ParentRunner.java:288)
	at org.junit.runners.ParentRunner.access$000(ParentRunner.java:58)
	at org.junit.runners.ParentRunner$2.evaluate(ParentRunner.java:268)
	at org.springframework.test.context.junit4.statements.RunBeforeTestClassCallbacks.evaluate(RunBeforeTestClassCallbacks.java:61)
	at org.springframework.test.context.junit4.statements.RunAfterTestClassCallbacks.evaluate(RunAfterTestClassCallbacks.java:70)
	at org.junit.runners.ParentRunner.run(ParentRunner.java:363)
	at org.springframework.test.context.junit4.SpringJUnit4ClassRunner.run(SpringJUnit4ClassRunner.java:191)
	at org.apache.maven.surefire.junit4.JUnit4Provider.execute(JUnit4Provider.java:252)
	at org.apache.maven.surefire.junit4.JUnit4Provider.executeTestSet(JUnit4Provider.java:141)
	at org.apache.maven.surefire.junit4.JUnit4Provider.invoke(JUnit4Provider.java:112)
	at sun.reflect.NativeMethodAccessorImpl.invoke0(Native Method)
	at sun.reflect.NativeMethodAccessorImpl.invoke(NativeMethodAccessorImpl.java:62)
	at sun.reflect.DelegatingMethodAccessorImpl.invoke(DelegatingMethodAccessorImpl.java:43)
	at java.lang.reflect.Method.invoke(Method.java:498)
	at org.apache.maven.surefire.util.ReflectionUtils.invokeMethodWithArray(ReflectionUtils.java:189)
	at org.apache.maven.surefire.booter.ProviderFactory$ProviderProxy.invoke(ProviderFactory.java:165)
	at org.apache.maven.surefire.booter.ProviderFactory.invokeProvider(ProviderFactory.java:85)
	at org.apache.maven.surefire.booter.ForkedBooter.runSuitesInProcess(ForkedBooter.java:115)
	at org.apache.maven.surefire.booter.ForkedBooter.main(ForkedBooter.java:75)
</error>
    <system-out>2018-07-02 17:34:25.183 [DEBUG] org.springframework.test.annotation.ProfileValueUtils - Retrieved @ProfileValueSourceConfiguration [null] for test class [com.mmall.dao.UserMapperTest]
2018-07-02 17:34:25.183 [DEBUG] org.springframework.test.annotation.ProfileValueUtils - Retrieved ProfileValueSource type [class org.springframework.test.annotation.SystemProfileValueSource] for class [com.mmall.dao.UserMapperTest]
2018-07-02 17:34:25.183 [DEBUG] org.springframework.test.context.support.DependencyInjectionTestExecutionListener - Performing dependency injection for test context [[DefaultTestContext@70b0b186 testClass = UserMapperTest, testInstance = com.mmall.dao.UserMapperTest@1f2d2181, testMethod = [null], testException = [null], mergedContextConfiguration = [MergedContextConfiguration@ba8d91c testClass = UserMapperTest, locations = &apos;{classpath*:spring/spring-*.xml}&apos;, classes = &apos;{}&apos;, contextInitializerClasses = &apos;[]&apos;, activeProfiles = &apos;{}&apos;, propertySourceLocations = &apos;{}&apos;, propertySourceProperties = &apos;{}&apos;, contextCustomizers = set[[empty]], contextLoader = &apos;org.springframework.test.context.support.DelegatingSmartContextLoader&apos;, parent = [null]]]].
2018-07-02 17:34:25.183 [DEBUG] org.springframework.test.context.cache.DefaultCacheAwareContextLoaderDelegate - Retrieved ApplicationContext from cache with key [[MergedContextConfiguration@ba8d91c testClass = UserMapperTest, locations = &apos;{classpath*:spring/spring-*.xml}&apos;, classes = &apos;{}&apos;, contextInitializerClasses = &apos;[]&apos;, activeProfiles = &apos;{}&apos;, propertySourceLocations = &apos;{}&apos;, propertySourceProperties = &apos;{}&apos;, contextCustomizers = set[[empty]], contextLoader = &apos;org.springframework.test.context.support.DelegatingSmartContextLoader&apos;, parent = [null]]]
2018-07-02 17:34:25.183 [DEBUG] org.springframework.test.context.cache - Spring test ApplicationContext cache statistics: [DefaultContextCache@50b8ae8d size = 1, maxSize = 32, parentContextCount = 0, hitCount = 1, missCount = 1]
2018-07-02 17:34:25.183 [DEBUG] org.springframework.beans.factory.annotation.InjectionMetadata - Processing injected element of bean &apos;com.mmall.dao.UserMapperTest&apos;: AutowiredFieldElement for private com.mmall.dao.UserMapper com.mmall.dao.UserMapperTest.userMapper
2018-07-02 17:34:25.183 [DEBUG] org.springframework.beans.factory.support.DefaultListableBeanFactory - Returning cached instance of singleton bean &apos;userMapper&apos;
2018-07-02 17:34:25.183 [DEBUG] org.springframework.test.context.support.AbstractDirtiesContextTestExecutionListener - Before test method: context [DefaultTestContext@70b0b186 testClass = UserMapperTest, testInstance = com.mmall.dao.UserMapperTest@1f2d2181, testMethod = testFindUserByNaAndPass@UserMapperTest, testException = [null], mergedContextConfiguration = [MergedContextConfiguration@ba8d91c testClass = UserMapperTest, locations = &apos;{classpath*:spring/spring-*.xml}&apos;, classes = &apos;{}&apos;, contextInitializerClasses = &apos;[]&apos;, activeProfiles = &apos;{}&apos;, propertySourceLocations = &apos;{}&apos;, propertySourceProperties = &apos;{}&apos;, contextCustomizers = set[[empty]], contextLoader = &apos;org.springframework.test.context.support.DelegatingSmartContextLoader&apos;, parent = [null]]], class annotated with @DirtiesContext [false] with mode [null], method annotated with @DirtiesContext [false] with mode [null].
2018-07-02 17:34:25.187 [DEBUG] org.mybatis.spring.SqlSessionUtils - Creating a new SqlSession
2018-07-02 17:34:25.187 [DEBUG] org.mybatis.spring.SqlSessionUtils - SqlSession [org.apache.ibatis.session.defaults.DefaultSqlSession@46292372] was not registered for synchronization because synchronization is not active
2018-07-02 17:34:25.187 [DEBUG] org.springframework.jdbc.datasource.DataSourceUtils - Fetching JDBC Connection from DataSource
2018-07-02 17:34:25.187 [DEBUG] org.mybatis.spring.transaction.SpringManagedTransaction - JDBC Connection [com.alibaba.druid.proxy.jdbc.ConnectionProxyImpl@5b69fd74] will not be managed by Spring
2018-07-02 17:34:25.187 [DEBUG] com.mmall.dao.UserMapper.findUserByNaAndPs - ==&gt;  Preparing: select * from mmall_user where username=? and password=? 
2018-07-02 17:34:25.187 [DEBUG] com.mmall.dao.UserMapper.findUserByNaAndPs - ==&gt; Parameters: admin(String), admin(String)
2018-07-02 17:34:25.191 [DEBUG] com.mmall.dao.UserMapper.findUserByNaAndPs - &lt;==      Total: 0
2018-07-02 17:34:25.191 [DEBUG] com.alibaba.druid.pool.PreparedStatementPool - {conn-10010, pstmt-20001} enter cache
2018-07-02 17:34:25.191 [DEBUG] org.mybatis.spring.SqlSessionUtils - Closing non transactional SqlSession [org.apache.ibatis.session.defaults.DefaultSqlSession@46292372]
2018-07-02 17:34:25.191 [DEBUG] org.springframework.jdbc.datasource.DataSourceUtils - Returning JDBC Connection to DataSource
2018-07-02 17:34:25.191 [DEBUG] org.springframework.test.context.support.AbstractDirtiesContextTestExecutionListener - After test method: context [DefaultTestContext@70b0b186 testClass = UserMapperTest, testInstance = com.mmall.dao.UserMapperTest@1f2d2181, testMethod = testFindUserByNaAndPass@UserMapperTest, testException = java.lang.NullPointerException, mergedContextConfiguration = [MergedContextConfiguration@ba8d91c testClass = UserMapperTest, locations = &apos;{classpath*:spring/spring-*.xml}&apos;, classes = &apos;{}&apos;, contextInitializerClasses = &apos;[]&apos;, activeProfiles = &apos;{}&apos;, propertySourceLocations = &apos;{}&apos;, propertySourceProperties = &apos;{}&apos;, contextCustomizers = set[[empty]], contextLoader = &apos;org.springframework.test.context.support.DelegatingSmartContextLoader&apos;, parent = [null]]], class annotated with @DirtiesContext [false] with mode [null], method annotated with @DirtiesContext [false] with mode [null].
</system-out>
  </testcase>
</testsuite>